<?xml version="1.0" encoding="UTF-8"?>
<testsuites tests="10" failures="0" disabled="0" errors="0" time="0.583" timestamp="2025-08-08T10:38:09.625" name="AllTests">
  <testsuite name="CursorManagementTest" tests="10" failures="0" disabled="0" skipped="0" errors="0" time="0.583" timestamp="2025-08-08T10:38:09.625">
    <testcase name="SetCursorProperties_ValidSurface" file="/home/djs/lvgl_osmesa_llvm6/ext/dx8gl/test/test_cursor_management.cpp" line="102" status="run" result="completed" time="0.305" timestamp="2025-08-08T10:38:09.625" classname="CursorManagementTest" />
    <testcase name="SetCursorProperties_NullSurface" file="/home/djs/lvgl_osmesa_llvm6/ext/dx8gl/test/test_cursor_management.cpp" line="115" status="run" result="completed" time="0.037" timestamp="2025-08-08T10:38:09.931" classname="CursorManagementTest" />
    <testcase name="SetCursorProperties_LargeCursor" file="/home/djs/lvgl_osmesa_llvm6/ext/dx8gl/test/test_cursor_management.cpp" line="121" status="run" result="completed" time="0.033" timestamp="2025-08-08T10:38:09.968" classname="CursorManagementTest" />
    <testcase name="SetCursorProperties_DifferentHotspots" file="/home/djs/lvgl_osmesa_llvm6/ext/dx8gl/test/test_cursor_management.cpp" line="133" status="run" result="completed" time="0.032" timestamp="2025-08-08T10:38:10.001" classname="CursorManagementTest" />
    <testcase name="ShowCursor_Toggle" file="/home/djs/lvgl_osmesa_llvm6/ext/dx8gl/test/test_cursor_management.cpp" line="157" status="run" result="completed" time="0.027" timestamp="2025-08-08T10:38:10.033" classname="CursorManagementTest" />
    <testcase name="SetCursorPosition_Various" file="/home/djs/lvgl_osmesa_llvm6/ext/dx8gl/test/test_cursor_management.cpp" line="175" status="run" result="completed" time="0.029" timestamp="2025-08-08T10:38:10.061" classname="CursorManagementTest" />
    <testcase name="FullCursorWorkflow" file="/home/djs/lvgl_osmesa_llvm6/ext/dx8gl/test/test_cursor_management.cpp" line="197" status="run" result="completed" time="0.029" timestamp="2025-08-08T10:38:10.090" classname="CursorManagementTest" />
    <testcase name="MultipleCursorUpdates" file="/home/djs/lvgl_osmesa_llvm6/ext/dx8gl/test/test_cursor_management.cpp" line="233" status="run" result="completed" time="0.03" timestamp="2025-08-08T10:38:10.120" classname="CursorManagementTest" />
    <testcase name="CursorWithDifferentFormats" file="/home/djs/lvgl_osmesa_llvm6/ext/dx8gl/test/test_cursor_management.cpp" line="259" status="run" result="completed" time="0.027" timestamp="2025-08-08T10:38:10.151" classname="CursorManagementTest" />
    <testcase name="StateTrackingViaLogs" file="/home/djs/lvgl_osmesa_llvm6/ext/dx8gl/test/test_cursor_management.cpp" line="285" status="run" result="completed" time="0.029" timestamp="2025-08-08T10:38:10.179" classname="CursorManagementTest" />
  </testsuite>
</testsuites>
